[debug] [2020-06-26T19:46:50.697Z] ----------------------------------------------------------------------
[debug] [2020-06-26T19:46:50.698Z] Command:       C:\Program Files\nodejs\node.exe C:\Users\asus\AppData\Roaming\npm\node_modules\firebase-tools\lib\bin\firebase.js login
[debug] [2020-06-26T19:46:50.699Z] CLI Version:   8.4.3
[debug] [2020-06-26T19:46:50.699Z] Platform:      win32
[debug] [2020-06-26T19:46:50.699Z] Node Version:  v12.18.1
[debug] [2020-06-26T19:46:50.700Z] Time:          Sat Jun 27 2020 01:16:50 GMT+0530 (India Standard Time)
[debug] [2020-06-26T19:46:50.700Z] ----------------------------------------------------------------------
[debug] [2020-06-26T19:46:50.700Z] 
[info] i  Firebase optionally collects CLI usage and error reporting information to help improve our products. Data is collected in accordance with Google's privacy policy (https://policies.google.com/privacy) and is not used to identify you.
 
[info] i  To change your data collection preference at any time, run `firebase logout` and log in again. 
[info] 
[info] Visit this URL on this device to log in:
[info] https://accounts.google.com/o/oauth2/auth?client_id=563584335869-fgrhgmd47bqnekij5i8b5pr03ho849e6.apps.googleusercontent.com&scope=email%20openid%20https%3A%2F%2Fwww.googleapis.com%2Fauth%2Fcloudplatformprojects.readonly%20https%3A%2F%2Fwww.googleapis.com%2Fauth%2Ffirebase%20https%3A%2F%2Fwww.googleapis.com%2Fauth%2Fcloud-platform&response_type=code&state=531122281&redirect_uri=http%3A%2F%2Flocalhost%3A9005
[info] 
[info] Waiting for authentication...
[debug] [2020-06-26T19:46:51.353Z] Error: spawn cmd ENOENT
    at Process.ChildProcess._handle.onexit (internal/child_process.js:267:19)
    at onErrorNT (internal/child_process.js:469:16)
    at processTicksAndRejections (internal/process/task_queues.js:84:21)
[error] 
[error] Error: An unexpected error has occurred.
[debug] [2020-06-26T19:47:51.660Z] ----------------------------------------------------------------------
[debug] [2020-06-26T19:47:51.662Z] Command:       C:\Program Files\nodejs\node.exe C:\Users\asus\AppData\Roaming\npm\node_modules\firebase-tools\lib\bin\firebase.js login
[debug] [2020-06-26T19:47:51.662Z] CLI Version:   8.4.3
[debug] [2020-06-26T19:47:51.662Z] Platform:      win32
[debug] [2020-06-26T19:47:51.662Z] Node Version:  v12.18.1
[debug] [2020-06-26T19:47:51.663Z] Time:          Sat Jun 27 2020 01:17:51 GMT+0530 (India Standard Time)
[debug] [2020-06-26T19:47:51.663Z] ----------------------------------------------------------------------
[debug] [2020-06-26T19:47:51.663Z] 
[info] i  Firebase optionally collects CLI usage and error reporting information to help improve our products. Data is collected in accordance with Google's privacy policy (https://policies.google.com/privacy) and is not used to identify you.
 
[info] i  To change your data collection preference at any time, run `firebase logout` and log in again. 
[info] 
[info] Visit this URL on this device to log in:
[info] https://accounts.google.com/o/oauth2/auth?client_id=563584335869-fgrhgmd47bqnekij5i8b5pr03ho849e6.apps.googleusercontent.com&scope=email%20openid%20https%3A%2F%2Fwww.googleapis.com%2Fauth%2Fcloudplatformprojects.readonly%20https%3A%2F%2Fwww.googleapis.com%2Fauth%2Ffirebase%20https%3A%2F%2Fwww.googleapis.com%2Fauth%2Fcloud-platform&response_type=code&state=1059103713&redirect_uri=http%3A%2F%2Flocalhost%3A9005
[info] 
[info] Waiting for authentication...
[debug] [2020-06-26T19:47:51.867Z] Error: spawn cmd ENOENT
    at Process.ChildProcess._handle.onexit (internal/child_process.js:267:19)
    at onErrorNT (internal/child_process.js:469:16)
    at processTicksAndRejections (internal/process/task_queues.js:84:21)
[error] 
[error] Error: An unexpected error has occurred.
[debug] [2020-06-26T19:48:00.488Z] ----------------------------------------------------------------------
[debug] [2020-06-26T19:48:00.490Z] Command:       C:\Program Files\nodejs\node.exe C:\Users\asus\AppData\Roaming\npm\node_modules\firebase-tools\lib\bin\firebase.js login
[debug] [2020-06-26T19:48:00.491Z] CLI Version:   8.4.3
[debug] [2020-06-26T19:48:00.491Z] Platform:      win32
[debug] [2020-06-26T19:48:00.491Z] Node Version:  v12.18.1
[debug] [2020-06-26T19:48:00.492Z] Time:          Sat Jun 27 2020 01:18:00 GMT+0530 (India Standard Time)
[debug] [2020-06-26T19:48:00.492Z] ----------------------------------------------------------------------
[debug] [2020-06-26T19:48:00.492Z] 
[info] i  Firebase optionally collects CLI usage and error reporting information to help improve our products. Data is collected in accordance with Google's privacy policy (https://policies.google.com/privacy) and is not used to identify you.
 
[info] 
[info] Visit this URL on this device to log in:
[info] https://accounts.google.com/o/oauth2/auth?client_id=563584335869-fgrhgmd47bqnekij5i8b5pr03ho849e6.apps.googleusercontent.com&scope=email%20openid%20https%3A%2F%2Fwww.googleapis.com%2Fauth%2Fcloudplatformprojects.readonly%20https%3A%2F%2Fwww.googleapis.com%2Fauth%2Ffirebase%20https%3A%2F%2Fwww.googleapis.com%2Fauth%2Fcloud-platform&response_type=code&state=617527739&redirect_uri=http%3A%2F%2Flocalhost%3A9005
[info] 
[info] Waiting for authentication...
[debug] [2020-06-26T19:48:50.064Z] Error: spawn cmd ENOENT
    at Process.ChildProcess._handle.onexit (internal/child_process.js:267:19)
    at onErrorNT (internal/child_process.js:469:16)
    at processTicksAndRejections (internal/process/task_queues.js:84:21)
[error] 
[error] Error: An unexpected error has occurred.
